{"/home/justin/workspace/github.com/ad-tracker/youtube-webhook-admin-ui/src/components/APIConfigForm.tsx": {"path":"/home/justin/workspace/github.com/ad-tracker/youtube-webhook-admin-ui/src/components/APIConfigForm.tsx","statementMap":{"0":{"start":{"line":12,"column":20},"end":{"line":12,"column":null}},"1":{"start":{"line":13,"column":28},"end":{"line":13,"column":null}},"2":{"start":{"line":14,"column":26},"end":{"line":14,"column":null}},"3":{"start":{"line":15,"column":24},"end":{"line":15,"column":null}},"4":{"start":{"line":17,"column":23},"end":{"line":49,"column":null}},"5":{"start":{"line":18,"column":4},"end":{"line":18,"column":null}},"6":{"start":{"line":19,"column":4},"end":{"line":19,"column":null}},"7":{"start":{"line":22,"column":4},"end":{"line":25,"column":null}},"8":{"start":{"line":23,"column":6},"end":{"line":23,"column":null}},"9":{"start":{"line":24,"column":6},"end":{"line":24,"column":null}},"10":{"start":{"line":27,"column":4},"end":{"line":30,"column":null}},"11":{"start":{"line":28,"column":6},"end":{"line":28,"column":null}},"12":{"start":{"line":29,"column":6},"end":{"line":29,"column":null}},"13":{"start":{"line":33,"column":4},"end":{"line":43,"column":null}},"14":{"start":{"line":34,"column":18},"end":{"line":34,"column":null}},"15":{"start":{"line":36,"column":6},"end":{"line":39,"column":null}},"16":{"start":{"line":37,"column":8},"end":{"line":37,"column":null}},"17":{"start":{"line":38,"column":8},"end":{"line":38,"column":null}},"18":{"start":{"line":41,"column":6},"end":{"line":41,"column":null}},"19":{"start":{"line":42,"column":6},"end":{"line":42,"column":null}},"20":{"start":{"line":45,"column":4},"end":{"line":48,"column":null}},"21":{"start":{"line":51,"column":2},"end":{"line":104,"column":null}},"22":{"start":{"line":71,"column":33},"end":{"line":71,"column":null}},"23":{"start":{"line":85,"column":33},"end":{"line":85,"column":null}}},"fnMap":{"0":{"name":"APIConfigForm","decl":{"start":{"line":11,"column":16},"end":{"line":11,"column":32}},"loc":{"start":{"line":11,"column":32},"end":{"line":106,"column":null}},"line":11},"1":{"name":"(anonymous_1)","decl":{"start":{"line":17,"column":23},"end":{"line":17,"column":24}},"loc":{"start":{"line":17,"column":47},"end":{"line":49,"column":null}},"line":17},"2":{"name":"(anonymous_2)","decl":{"start":{"line":71,"column":26},"end":{"line":71,"column":27}},"loc":{"start":{"line":71,"column":33},"end":{"line":71,"column":null}},"line":71},"3":{"name":"(anonymous_3)","decl":{"start":{"line":85,"column":26},"end":{"line":85,"column":27}},"loc":{"start":{"line":85,"column":33},"end":{"line":85,"column":null}},"line":85}},"branchMap":{"0":{"loc":{"start":{"line":22,"column":4},"end":{"line":25,"column":null}},"type":"if","locations":[{"start":{"line":22,"column":4},"end":{"line":25,"column":null}},{"start":{},"end":{}}],"line":22},"1":{"loc":{"start":{"line":27,"column":4},"end":{"line":30,"column":null}},"type":"if","locations":[{"start":{"line":27,"column":4},"end":{"line":30,"column":null}},{"start":{},"end":{}}],"line":27},"2":{"loc":{"start":{"line":36,"column":6},"end":{"line":39,"column":null}},"type":"if","locations":[{"start":{"line":36,"column":6},"end":{"line":39,"column":null}},{"start":{},"end":{}}],"line":36},"3":{"loc":{"start":{"line":92,"column":13},"end":{"line":95,"column":null}},"type":"binary-expr","locations":[{"start":{"line":92,"column":13},"end":{"line":92,"column":null}},{"start":{"line":93,"column":14},"end":{"line":95,"column":null}}],"line":92}},"s":{"0":22,"1":22,"2":22,"3":22,"4":22,"5":2,"6":2,"7":2,"8":1,"9":1,"10":1,"11":1,"12":1,"13":0,"14":0,"15":0,"16":0,"17":0,"18":0,"19":0,"20":0,"21":22,"22":1,"23":13},"f":{"0":22,"1":2,"2":1,"3":13},"b":{"0":[1,1],"1":[1,0],"2":[0,0],"3":[22,2]},"meta":{"lastBranch":4,"lastFunction":4,"lastStatement":24,"seen":{"f:11:16:11:32":0,"s:12:20:12:Infinity":0,"s:13:28:13:Infinity":1,"s:14:26:14:Infinity":2,"s:15:24:15:Infinity":3,"s:17:23:49:Infinity":4,"f:17:23:17:24":1,"s:18:4:18:Infinity":5,"s:19:4:19:Infinity":6,"b:22:4:25:Infinity:undefined:undefined:undefined:undefined":0,"s:22:4:25:Infinity":7,"s:23:6:23:Infinity":8,"s:24:6:24:Infinity":9,"b:27:4:30:Infinity:undefined:undefined:undefined:undefined":1,"s:27:4:30:Infinity":10,"s:28:6:28:Infinity":11,"s:29:6:29:Infinity":12,"s:33:4:43:Infinity":13,"s:34:18:34:Infinity":14,"b:36:6:39:Infinity:undefined:undefined:undefined:undefined":2,"s:36:6:39:Infinity":15,"s:37:8:37:Infinity":16,"s:38:8:38:Infinity":17,"s:41:6:41:Infinity":18,"s:42:6:42:Infinity":19,"s:45:4:48:Infinity":20,"s:51:2:104:Infinity":21,"f:71:26:71:27":2,"s:71:33:71:Infinity":22,"f:85:26:85:27":3,"s:85:33:85:Infinity":23,"b:92:13:92:Infinity:93:14:95:Infinity":3}}}
,"/home/justin/workspace/github.com/ad-tracker/youtube-webhook-admin-ui/src/components/ErrorMessage.tsx": {"path":"/home/justin/workspace/github.com/ad-tracker/youtube-webhook-admin-ui/src/components/ErrorMessage.tsx","statementMap":{"0":{"start":{"line":13,"column":2},"end":{"line":18,"column":null}}},"fnMap":{"0":{"name":"ErrorMessage","decl":{"start":{"line":12,"column":16},"end":{"line":12,"column":29}},"loc":{"start":{"line":12,"column":78},"end":{"line":20,"column":null}},"line":12}},"branchMap":{"0":{"loc":{"start":{"line":12,"column":31},"end":{"line":12,"column":48}},"type":"default-arg","locations":[{"start":{"line":12,"column":39},"end":{"line":12,"column":48}}],"line":12}},"s":{"0":4},"f":{"0":4},"b":{"0":[4]},"meta":{"lastBranch":1,"lastFunction":1,"lastStatement":1,"seen":{"f:12:16:12:29":0,"b:12:39:12:48":0,"s:13:2:18:Infinity":0}}}
,"/home/justin/workspace/github.com/ad-tracker/youtube-webhook-admin-ui/src/components/LoadingSpinner.tsx": {"path":"/home/justin/workspace/github.com/ad-tracker/youtube-webhook-admin-ui/src/components/LoadingSpinner.tsx","statementMap":{"0":{"start":{"line":13,"column":22},"end":{"line":17,"column":null}},"1":{"start":{"line":19,"column":2},"end":{"line":22,"column":null}}},"fnMap":{"0":{"name":"LoadingSpinner","decl":{"start":{"line":12,"column":16},"end":{"line":12,"column":31}},"loc":{"start":{"line":12,"column":80},"end":{"line":24,"column":null}},"line":12}},"branchMap":{"0":{"loc":{"start":{"line":12,"column":44},"end":{"line":12,"column":56}},"type":"default-arg","locations":[{"start":{"line":12,"column":51},"end":{"line":12,"column":56}}],"line":12}},"s":{"0":6,"1":6},"f":{"0":6},"b":{"0":[6]},"meta":{"lastBranch":1,"lastFunction":1,"lastStatement":2,"seen":{"f:12:16:12:31":0,"b:12:51:12:56":0,"s:13:22:17:Infinity":0,"s:19:2:22:Infinity":1}}}
,"/home/justin/workspace/github.com/ad-tracker/youtube-webhook-admin-ui/src/components/Pagination.tsx": {"path":"/home/justin/workspace/github.com/ad-tracker/youtube-webhook-admin-ui/src/components/Pagination.tsx","statementMap":{"0":{"start":{"line":20,"column":21},"end":{"line":20,"column":null}},"1":{"start":{"line":21,"column":8},"end":{"line":21,"column":null}},"2":{"start":{"line":22,"column":18},"end":{"line":22,"column":null}},"3":{"start":{"line":24,"column":2},"end":{"line":26,"column":null}},"4":{"start":{"line":25,"column":4},"end":{"line":25,"column":null}},"5":{"start":{"line":28,"column":2},"end":{"line":56,"column":null}},"6":{"start":{"line":37,"column":25},"end":{"line":37,"column":null}},"7":{"start":{"line":49,"column":25},"end":{"line":49,"column":null}}},"fnMap":{"0":{"name":"Pagination","decl":{"start":{"line":14,"column":16},"end":{"line":14,"column":27}},"loc":{"start":{"line":19,"column":20},"end":{"line":58,"column":null}},"line":19},"1":{"name":"(anonymous_1)","decl":{"start":{"line":37,"column":19},"end":{"line":37,"column":25}},"loc":{"start":{"line":37,"column":25},"end":{"line":37,"column":null}},"line":37},"2":{"name":"(anonymous_2)","decl":{"start":{"line":49,"column":19},"end":{"line":49,"column":25}},"loc":{"start":{"line":49,"column":25},"end":{"line":49,"column":null}},"line":49}},"branchMap":{"0":{"loc":{"start":{"line":24,"column":2},"end":{"line":26,"column":null}},"type":"if","locations":[{"start":{"line":24,"column":2},"end":{"line":26,"column":null}},{"start":{},"end":{}}],"line":24}},"s":{"0":8,"1":8,"2":8,"3":8,"4":1,"5":7,"6":1,"7":1},"f":{"0":8,"1":1,"2":1},"b":{"0":[1,7]},"meta":{"lastBranch":1,"lastFunction":3,"lastStatement":8,"seen":{"f:14:16:14:27":0,"s:20:21:20:Infinity":0,"s:21:8:21:Infinity":1,"s:22:18:22:Infinity":2,"b:24:2:26:Infinity:undefined:undefined:undefined:undefined":0,"s:24:2:26:Infinity":3,"s:25:4:25:Infinity":4,"s:28:2:56:Infinity":5,"f:37:19:37:25":1,"s:37:25:37:Infinity":6,"f:49:19:49:25":2,"s:49:25:49:Infinity":7}}}
,"/home/justin/workspace/github.com/ad-tracker/youtube-webhook-admin-ui/src/components/ui/alert.tsx": {"path":"/home/justin/workspace/github.com/ad-tracker/youtube-webhook-admin-ui/src/components/ui/alert.tsx","statementMap":{"0":{"start":{"line":4,"column":14},"end":{"line":28,"column":null}},"1":{"start":{"line":10,"column":24},"end":{"line":14,"column":null}},"2":{"start":{"line":16,"column":2},"end":{"line":26,"column":null}},"3":{"start":{"line":29,"column":0},"end":{"line":29,"column":null}},"4":{"start":{"line":31,"column":19},"end":{"line":40,"column":null}},"5":{"start":{"line":35,"column":2},"end":{"line":39,"column":null}},"6":{"start":{"line":41,"column":0},"end":{"line":41,"column":null}},"7":{"start":{"line":43,"column":25},"end":{"line":52,"column":null}},"8":{"start":{"line":47,"column":2},"end":{"line":51,"column":null}},"9":{"start":{"line":53,"column":0},"end":{"line":53,"column":null}}},"fnMap":{"0":{"name":"(anonymous_0)","decl":{"start":{"line":9,"column":2},"end":{"line":9,"column":3}},"loc":{"start":{"line":9,"column":57},"end":{"line":28,"column":1}},"line":9},"1":{"name":"(anonymous_1)","decl":{"start":{"line":34,"column":2},"end":{"line":34,"column":3}},"loc":{"start":{"line":35,"column":2},"end":{"line":39,"column":null}},"line":35},"2":{"name":"(anonymous_2)","decl":{"start":{"line":46,"column":2},"end":{"line":46,"column":3}},"loc":{"start":{"line":47,"column":2},"end":{"line":51,"column":null}},"line":47}},"branchMap":{"0":{"loc":{"start":{"line":9,"column":16},"end":{"line":9,"column":37}},"type":"default-arg","locations":[{"start":{"line":9,"column":26},"end":{"line":9,"column":37}}],"line":9}},"s":{"0":1,"1":4,"2":4,"3":1,"4":1,"5":4,"6":1,"7":1,"8":4,"9":1},"f":{"0":4,"1":4,"2":4},"b":{"0":[4]},"meta":{"lastBranch":1,"lastFunction":3,"lastStatement":10,"seen":{"s:4:14:28:Infinity":0,"f:9:2:9:3":0,"b:9:26:9:37":0,"s:10:24:14:Infinity":1,"s:16:2:26:Infinity":2,"s:29:0:29:Infinity":3,"s:31:19:40:Infinity":4,"f:34:2:34:3":1,"s:35:2:39:Infinity":5,"s:41:0:41:Infinity":6,"s:43:25:52:Infinity":7,"f:46:2:46:3":2,"s:47:2:51:Infinity":8,"s:53:0:53:Infinity":9}}}
,"/home/justin/workspace/github.com/ad-tracker/youtube-webhook-admin-ui/src/components/ui/button.tsx": {"path":"/home/justin/workspace/github.com/ad-tracker/youtube-webhook-admin-ui/src/components/ui/button.tsx","statementMap":{"0":{"start":{"line":9,"column":15},"end":{"line":41,"column":null}},"1":{"start":{"line":12,"column":6},"end":{"line":12,"column":null}},"2":{"start":{"line":14,"column":21},"end":{"line":24,"column":null}},"3":{"start":{"line":26,"column":18},"end":{"line":31,"column":null}},"4":{"start":{"line":33,"column":4},"end":{"line":38,"column":null}},"5":{"start":{"line":43,"column":0},"end":{"line":43,"column":null}}},"fnMap":{"0":{"name":"(anonymous_0)","decl":{"start":{"line":10,"column":2},"end":{"line":10,"column":3}},"loc":{"start":{"line":10,"column":75},"end":{"line":40,"column":null}},"line":10}},"branchMap":{"0":{"loc":{"start":{"line":10,"column":16},"end":{"line":10,"column":37}},"type":"default-arg","locations":[{"start":{"line":10,"column":26},"end":{"line":10,"column":37}}],"line":10},"1":{"loc":{"start":{"line":10,"column":37},"end":{"line":10,"column":55}},"type":"default-arg","locations":[{"start":{"line":10,"column":44},"end":{"line":10,"column":55}}],"line":10}},"s":{"0":2,"1":36,"2":36,"3":36,"4":36,"5":2},"f":{"0":36},"b":{"0":[36],"1":[36]},"meta":{"lastBranch":2,"lastFunction":1,"lastStatement":6,"seen":{"s:9:15:41:Infinity":0,"f:10:2:10:3":0,"b:10:26:10:37":0,"b:10:44:10:55":1,"s:12:6:12:Infinity":1,"s:14:21:24:Infinity":2,"s:26:18:31:Infinity":3,"s:33:4:38:Infinity":4,"s:43:0:43:Infinity":5}}}
,"/home/justin/workspace/github.com/ad-tracker/youtube-webhook-admin-ui/src/components/ui/card.tsx": {"path":"/home/justin/workspace/github.com/ad-tracker/youtube-webhook-admin-ui/src/components/ui/card.tsx","statementMap":{"0":{"start":{"line":4,"column":13},"end":{"line":15,"column":null}},"1":{"start":{"line":6,"column":4},"end":{"line":13,"column":null}},"2":{"start":{"line":16,"column":0},"end":{"line":16,"column":null}},"3":{"start":{"line":18,"column":19},"end":{"line":27,"column":null}},"4":{"start":{"line":22,"column":2},"end":{"line":26,"column":null}},"5":{"start":{"line":28,"column":0},"end":{"line":28,"column":null}},"6":{"start":{"line":30,"column":18},"end":{"line":39,"column":null}},"7":{"start":{"line":34,"column":2},"end":{"line":38,"column":null}},"8":{"start":{"line":40,"column":0},"end":{"line":40,"column":null}},"9":{"start":{"line":42,"column":24},"end":{"line":51,"column":null}},"10":{"start":{"line":46,"column":2},"end":{"line":50,"column":null}},"11":{"start":{"line":52,"column":0},"end":{"line":52,"column":null}},"12":{"start":{"line":54,"column":20},"end":{"line":59,"column":null}},"13":{"start":{"line":58,"column":2},"end":{"line":58,"column":null}},"14":{"start":{"line":60,"column":0},"end":{"line":60,"column":null}},"15":{"start":{"line":62,"column":19},"end":{"line":71,"column":null}},"16":{"start":{"line":66,"column":2},"end":{"line":70,"column":null}},"17":{"start":{"line":72,"column":0},"end":{"line":72,"column":null}}},"fnMap":{"0":{"name":"(anonymous_0)","decl":{"start":{"line":5,"column":2},"end":{"line":5,"column":3}},"loc":{"start":{"line":6,"column":4},"end":{"line":13,"column":null}},"line":6},"1":{"name":"(anonymous_1)","decl":{"start":{"line":21,"column":2},"end":{"line":21,"column":3}},"loc":{"start":{"line":22,"column":2},"end":{"line":26,"column":null}},"line":22},"2":{"name":"(anonymous_2)","decl":{"start":{"line":33,"column":2},"end":{"line":33,"column":3}},"loc":{"start":{"line":34,"column":2},"end":{"line":38,"column":null}},"line":34},"3":{"name":"(anonymous_3)","decl":{"start":{"line":45,"column":2},"end":{"line":45,"column":3}},"loc":{"start":{"line":46,"column":2},"end":{"line":50,"column":null}},"line":46},"4":{"name":"(anonymous_4)","decl":{"start":{"line":57,"column":2},"end":{"line":57,"column":3}},"loc":{"start":{"line":58,"column":2},"end":{"line":58,"column":null}},"line":58},"5":{"name":"(anonymous_5)","decl":{"start":{"line":65,"column":2},"end":{"line":65,"column":3}},"loc":{"start":{"line":66,"column":2},"end":{"line":70,"column":null}},"line":66}},"branchMap":{},"s":{"0":1,"1":22,"2":1,"3":1,"4":22,"5":1,"6":1,"7":22,"8":1,"9":1,"10":22,"11":1,"12":1,"13":22,"14":1,"15":1,"16":0,"17":1},"f":{"0":22,"1":22,"2":22,"3":22,"4":22,"5":0},"b":{},"meta":{"lastBranch":0,"lastFunction":6,"lastStatement":18,"seen":{"s:4:13:15:Infinity":0,"f:5:2:5:3":0,"s:6:4:13:Infinity":1,"s:16:0:16:Infinity":2,"s:18:19:27:Infinity":3,"f:21:2:21:3":1,"s:22:2:26:Infinity":4,"s:28:0:28:Infinity":5,"s:30:18:39:Infinity":6,"f:33:2:33:3":2,"s:34:2:38:Infinity":7,"s:40:0:40:Infinity":8,"s:42:24:51:Infinity":9,"f:45:2:45:3":3,"s:46:2:50:Infinity":10,"s:52:0:52:Infinity":11,"s:54:20:59:Infinity":12,"f:57:2:57:3":4,"s:58:2:58:Infinity":13,"s:60:0:60:Infinity":14,"s:62:19:71:Infinity":15,"f:65:2:65:3":5,"s:66:2:70:Infinity":16,"s:72:0:72:Infinity":17}}}
,"/home/justin/workspace/github.com/ad-tracker/youtube-webhook-admin-ui/src/components/ui/input.tsx": {"path":"/home/justin/workspace/github.com/ad-tracker/youtube-webhook-admin-ui/src/components/ui/input.tsx","statementMap":{"0":{"start":{"line":6,"column":14},"end":{"line":20,"column":null}},"1":{"start":{"line":8,"column":4},"end":{"line":17,"column":null}},"2":{"start":{"line":22,"column":0},"end":{"line":22,"column":null}}},"fnMap":{"0":{"name":"(anonymous_0)","decl":{"start":{"line":7,"column":2},"end":{"line":7,"column":3}},"loc":{"start":{"line":7,"column":42},"end":{"line":19,"column":null}},"line":7}},"branchMap":{},"s":{"0":1,"1":44,"2":1},"f":{"0":44},"b":{},"meta":{"lastBranch":0,"lastFunction":1,"lastStatement":3,"seen":{"s:6:14:20:Infinity":0,"f:7:2:7:3":0,"s:8:4:17:Infinity":1,"s:22:0:22:Infinity":2}}}
,"/home/justin/workspace/github.com/ad-tracker/youtube-webhook-admin-ui/src/components/ui/label.tsx": {"path":"/home/justin/workspace/github.com/ad-tracker/youtube-webhook-admin-ui/src/components/ui/label.tsx","statementMap":{"0":{"start":{"line":6,"column":14},"end":{"line":17,"column":null}},"1":{"start":{"line":8,"column":4},"end":{"line":15,"column":null}},"2":{"start":{"line":18,"column":0},"end":{"line":18,"column":null}}},"fnMap":{"0":{"name":"(anonymous_0)","decl":{"start":{"line":7,"column":2},"end":{"line":7,"column":3}},"loc":{"start":{"line":8,"column":4},"end":{"line":15,"column":null}},"line":8}},"branchMap":{},"s":{"0":1,"1":44,"2":1},"f":{"0":44},"b":{},"meta":{"lastBranch":0,"lastFunction":1,"lastStatement":3,"seen":{"s:6:14:17:Infinity":0,"f:7:2:7:3":0,"s:8:4:15:Infinity":1,"s:18:0:18:Infinity":2}}}
,"/home/justin/workspace/github.com/ad-tracker/youtube-webhook-admin-ui/src/contexts/APIContext.tsx": {"path":"/home/justin/workspace/github.com/ad-tracker/youtube-webhook-admin-ui/src/contexts/APIContext.tsx","statementMap":{"0":{"start":{"line":18,"column":6},"end":{"line":18,"column":null}},"1":{"start":{"line":29,"column":26},"end":{"line":29,"column":null}},"2":{"start":{"line":30,"column":38},"end":{"line":30,"column":null}},"3":{"start":{"line":33,"column":2},"end":{"line":46,"column":null}},"4":{"start":{"line":34,"column":23},"end":{"line":43,"column":null}},"5":{"start":{"line":35,"column":6},"end":{"line":42,"column":null}},"6":{"start":{"line":36,"column":14},"end":{"line":36,"column":null}},"7":{"start":{"line":37,"column":8},"end":{"line":41,"column":null}},"8":{"start":{"line":38,"column":10},"end":{"line":38,"column":null}},"9":{"start":{"line":39,"column":10},"end":{"line":39,"column":null}},"10":{"start":{"line":40,"column":10},"end":{"line":40,"column":null}},"11":{"start":{"line":45,"column":4},"end":{"line":45,"column":null}},"12":{"start":{"line":48,"column":20},"end":{"line":53,"column":null}},"13":{"start":{"line":49,"column":4},"end":{"line":49,"column":null}},"14":{"start":{"line":50,"column":4},"end":{"line":50,"column":null}},"15":{"start":{"line":51,"column":4},"end":{"line":51,"column":null}},"16":{"start":{"line":52,"column":4},"end":{"line":52,"column":null}},"17":{"start":{"line":55,"column":22},"end":{"line":59,"column":null}},"18":{"start":{"line":56,"column":4},"end":{"line":56,"column":null}},"19":{"start":{"line":57,"column":4},"end":{"line":57,"column":null}},"20":{"start":{"line":58,"column":4},"end":{"line":58,"column":null}},"21":{"start":{"line":61,"column":2},"end":{"line":64,"column":null}},"22":{"start":{"line":73,"column":8},"end":{"line":73,"column":null}},"23":{"start":{"line":74,"column":2},"end":{"line":76,"column":null}},"24":{"start":{"line":75,"column":4},"end":{"line":75,"column":null}},"25":{"start":{"line":77,"column":2},"end":{"line":77,"column":null}},"26":{"start":{"line":85,"column":18},"end":{"line":85,"column":null}},"27":{"start":{"line":87,"column":2},"end":{"line":89,"column":null}},"28":{"start":{"line":88,"column":4},"end":{"line":88,"column":null}},"29":{"start":{"line":91,"column":2},"end":{"line":91,"column":null}}},"fnMap":{"0":{"name":"APIProvider","decl":{"start":{"line":28,"column":16},"end":{"line":28,"column":28}},"loc":{"start":{"line":28,"column":60},"end":{"line":66,"column":null}},"line":28},"1":{"name":"(anonymous_1)","decl":{"start":{"line":33,"column":12},"end":{"line":33,"column":18}},"loc":{"start":{"line":33,"column":18},"end":{"line":46,"column":5}},"line":33},"2":{"name":"(anonymous_2)","decl":{"start":{"line":34,"column":23},"end":{"line":34,"column":29}},"loc":{"start":{"line":34,"column":29},"end":{"line":43,"column":null}},"line":34},"3":{"name":"(anonymous_3)","decl":{"start":{"line":48,"column":20},"end":{"line":48,"column":21}},"loc":{"start":{"line":48,"column":46},"end":{"line":53,"column":null}},"line":48},"4":{"name":"(anonymous_4)","decl":{"start":{"line":55,"column":22},"end":{"line":55,"column":28}},"loc":{"start":{"line":55,"column":28},"end":{"line":59,"column":null}},"line":55},"5":{"name":"useAPI","decl":{"start":{"line":72,"column":16},"end":{"line":72,"column":25}},"loc":{"start":{"line":72,"column":25},"end":{"line":78,"column":null}},"line":72},"6":{"name":"useRequireAPI","decl":{"start":{"line":84,"column":16},"end":{"line":84,"column":32}},"loc":{"start":{"line":84,"column":32},"end":{"line":92,"column":null}},"line":84}},"branchMap":{"0":{"loc":{"start":{"line":35,"column":6},"end":{"line":42,"column":null}},"type":"if","locations":[{"start":{"line":35,"column":6},"end":{"line":42,"column":null}},{"start":{},"end":{}}],"line":35},"1":{"loc":{"start":{"line":37,"column":8},"end":{"line":41,"column":null}},"type":"if","locations":[{"start":{"line":37,"column":8},"end":{"line":41,"column":null}},{"start":{},"end":{}}],"line":37},"2":{"loc":{"start":{"line":74,"column":2},"end":{"line":76,"column":null}},"type":"if","locations":[{"start":{"line":74,"column":2},"end":{"line":76,"column":null}},{"start":{},"end":{}}],"line":74},"3":{"loc":{"start":{"line":87,"column":2},"end":{"line":89,"column":null}},"type":"if","locations":[{"start":{"line":87,"column":2},"end":{"line":89,"column":null}},{"start":{},"end":{}}],"line":87}},"s":{"0":1,"1":0,"2":0,"3":0,"4":0,"5":0,"6":0,"7":0,"8":0,"9":0,"10":0,"11":0,"12":0,"13":0,"14":0,"15":0,"16":0,"17":0,"18":0,"19":0,"20":0,"21":0,"22":0,"23":0,"24":0,"25":0,"26":0,"27":0,"28":0,"29":0},"f":{"0":0,"1":0,"2":0,"3":0,"4":0,"5":0,"6":0},"b":{"0":[0,0],"1":[0,0],"2":[0,0],"3":[0,0]},"meta":{"lastBranch":4,"lastFunction":7,"lastStatement":30,"seen":{"s:18:6:18:Infinity":0,"f:28:16:28:28":0,"s:29:26:29:Infinity":1,"s:30:38:30:Infinity":2,"s:33:2:46:Infinity":3,"f:33:12:33:18":1,"s:34:23:43:Infinity":4,"f:34:23:34:29":2,"b:35:6:42:Infinity:undefined:undefined:undefined:undefined":0,"s:35:6:42:Infinity":5,"s:36:14:36:Infinity":6,"b:37:8:41:Infinity:undefined:undefined:undefined:undefined":1,"s:37:8:41:Infinity":7,"s:38:10:38:Infinity":8,"s:39:10:39:Infinity":9,"s:40:10:40:Infinity":10,"s:45:4:45:Infinity":11,"s:48:20:53:Infinity":12,"f:48:20:48:21":3,"s:49:4:49:Infinity":13,"s:50:4:50:Infinity":14,"s:51:4:51:Infinity":15,"s:52:4:52:Infinity":16,"s:55:22:59:Infinity":17,"f:55:22:55:28":4,"s:56:4:56:Infinity":18,"s:57:4:57:Infinity":19,"s:58:4:58:Infinity":20,"s:61:2:64:Infinity":21,"f:72:16:72:25":5,"s:73:8:73:Infinity":22,"b:74:2:76:Infinity:undefined:undefined:undefined:undefined":2,"s:74:2:76:Infinity":23,"s:75:4:75:Infinity":24,"s:77:2:77:Infinity":25,"f:84:16:84:32":6,"s:85:18:85:Infinity":26,"b:87:2:89:Infinity:undefined:undefined:undefined:undefined":3,"s:87:2:89:Infinity":27,"s:88:4:88:Infinity":28,"s:91:2:91:Infinity":29}}}
,"/home/justin/workspace/github.com/ad-tracker/youtube-webhook-admin-ui/src/lib/api-client.ts": {"path":"/home/justin/workspace/github.com/ad-tracker/youtube-webhook-admin-ui/src/lib/api-client.ts","statementMap":{"0":{"start":{"line":33,"column":4},"end":{"line":33,"column":null}},"1":{"start":{"line":34,"column":4},"end":{"line":34,"column":null}},"2":{"start":{"line":35,"column":4},"end":{"line":35,"column":null}},"3":{"start":{"line":36,"column":4},"end":{"line":36,"column":null}},"4":{"start":{"line":49,"column":4},"end":{"line":49,"column":null}},"5":{"start":{"line":50,"column":4},"end":{"line":50,"column":null}},"6":{"start":{"line":60,"column":16},"end":{"line":60,"column":null}},"7":{"start":{"line":62,"column":33},"end":{"line":66,"column":null}},"8":{"start":{"line":68,"column":4},"end":{"line":116,"column":null}},"9":{"start":{"line":69,"column":23},"end":{"line":72,"column":null}},"10":{"start":{"line":75,"column":26},"end":{"line":75,"column":null}},"11":{"start":{"line":76,"column":21},"end":{"line":76,"column":null}},"12":{"start":{"line":78,"column":6},"end":{"line":93,"column":null}},"13":{"start":{"line":79,"column":8},"end":{"line":92,"column":null}},"14":{"start":{"line":80,"column":29},"end":{"line":80,"column":null}},"15":{"start":{"line":81,"column":10},"end":{"line":85,"column":null}},"16":{"start":{"line":87,"column":28},"end":{"line":87,"column":null}},"17":{"start":{"line":88,"column":10},"end":{"line":91,"column":null}},"18":{"start":{"line":96,"column":6},"end":{"line":98,"column":null}},"19":{"start":{"line":97,"column":8},"end":{"line":97,"column":null}},"20":{"start":{"line":100,"column":6},"end":{"line":102,"column":null}},"21":{"start":{"line":101,"column":8},"end":{"line":101,"column":null}},"22":{"start":{"line":104,"column":6},"end":{"line":104,"column":null}},"23":{"start":{"line":106,"column":6},"end":{"line":108,"column":null}},"24":{"start":{"line":107,"column":8},"end":{"line":107,"column":null}},"25":{"start":{"line":111,"column":6},"end":{"line":113,"column":null}},"26":{"start":{"line":112,"column":8},"end":{"line":112,"column":null}},"27":{"start":{"line":115,"column":6},"end":{"line":115,"column":null}},"28":{"start":{"line":123,"column":25},"end":{"line":123,"column":null}},"29":{"start":{"line":125,"column":4},"end":{"line":129,"column":null}},"30":{"start":{"line":126,"column":6},"end":{"line":128,"column":null}},"31":{"start":{"line":127,"column":8},"end":{"line":127,"column":null}},"32":{"start":{"line":131,"column":24},"end":{"line":131,"column":null}},"33":{"start":{"line":132,"column":4},"end":{"line":132,"column":null}},"34":{"start":{"line":140,"column":18},"end":{"line":140,"column":null}},"35":{"start":{"line":141,"column":4},"end":{"line":143,"column":null}},"36":{"start":{"line":147,"column":4},"end":{"line":147,"column":null}},"37":{"start":{"line":154,"column":4},"end":{"line":157,"column":null}},"38":{"start":{"line":165,"column":18},"end":{"line":165,"column":null}},"39":{"start":{"line":166,"column":4},"end":{"line":166,"column":null}},"40":{"start":{"line":170,"column":4},"end":{"line":170,"column":null}},"41":{"start":{"line":174,"column":4},"end":{"line":177,"column":null}},"42":{"start":{"line":184,"column":4},"end":{"line":187,"column":null}},"43":{"start":{"line":191,"column":4},"end":{"line":193,"column":null}},"44":{"start":{"line":199,"column":18},"end":{"line":199,"column":null}},"45":{"start":{"line":200,"column":4},"end":{"line":200,"column":null}},"46":{"start":{"line":204,"column":4},"end":{"line":204,"column":null}},"47":{"start":{"line":208,"column":4},"end":{"line":211,"column":null}},"48":{"start":{"line":215,"column":4},"end":{"line":218,"column":null}},"49":{"start":{"line":222,"column":4},"end":{"line":224,"column":null}},"50":{"start":{"line":232,"column":18},"end":{"line":232,"column":null}},"51":{"start":{"line":233,"column":4},"end":{"line":235,"column":null}},"52":{"start":{"line":239,"column":4},"end":{"line":239,"column":null}},"53":{"start":{"line":243,"column":4},"end":{"line":246,"column":null}},"54":{"start":{"line":254,"column":18},"end":{"line":254,"column":null}},"55":{"start":{"line":255,"column":4},"end":{"line":257,"column":null}},"56":{"start":{"line":261,"column":4},"end":{"line":261,"column":null}},"57":{"start":{"line":267,"column":4},"end":{"line":270,"column":null}},"58":{"start":{"line":277,"column":4},"end":{"line":280,"column":null}},"59":{"start":{"line":284,"column":4},"end":{"line":286,"column":null}},"60":{"start":{"line":294,"column":42},"end":{"line":294,"column":null}},"61":{"start":{"line":297,"column":2},"end":{"line":297,"column":null}},"62":{"start":{"line":301,"column":2},"end":{"line":303,"column":null}},"63":{"start":{"line":302,"column":4},"end":{"line":302,"column":null}},"64":{"start":{"line":304,"column":2},"end":{"line":304,"column":null}},"65":{"start":{"line":308,"column":2},"end":{"line":308,"column":null}}},"fnMap":{"0":{"name":"(anonymous_0)","decl":{"start":{"line":32,"column":2},"end":{"line":32,"column":14}},"loc":{"start":{"line":32,"column":65},"end":{"line":37,"column":null}},"line":32},"1":{"name":"(anonymous_1)","decl":{"start":{"line":48,"column":2},"end":{"line":48,"column":14}},"loc":{"start":{"line":48,"column":33},"end":{"line":51,"column":null}},"line":48},"2":{"name":"(anonymous_2)","decl":{"start":{"line":56,"column":16},"end":{"line":56,"column":null}},"loc":{"start":{"line":59,"column":16},"end":{"line":117,"column":null}},"line":59},"3":{"name":"(anonymous_3)","decl":{"start":{"line":122,"column":10},"end":{"line":122,"column":27}},"loc":{"start":{"line":122,"column":77},"end":{"line":133,"column":null}},"line":122},"4":{"name":"(anonymous_4)","decl":{"start":{"line":125,"column":35},"end":{"line":125,"column":36}},"loc":{"start":{"line":125,"column":53},"end":{"line":129,"column":5}},"line":125},"5":{"name":"(anonymous_5)","decl":{"start":{"line":137,"column":8},"end":{"line":137,"column":null}},"loc":{"start":{"line":139,"column":46},"end":{"line":144,"column":null}},"line":139},"6":{"name":"(anonymous_6)","decl":{"start":{"line":146,"column":8},"end":{"line":146,"column":28}},"loc":{"start":{"line":146,"column":63},"end":{"line":148,"column":null}},"line":146},"7":{"name":"(anonymous_7)","decl":{"start":{"line":150,"column":8},"end":{"line":150,"column":null}},"loc":{"start":{"line":153,"column":27},"end":{"line":158,"column":null}},"line":153},"8":{"name":"(anonymous_8)","decl":{"start":{"line":162,"column":8},"end":{"line":162,"column":null}},"loc":{"start":{"line":164,"column":41},"end":{"line":167,"column":null}},"line":164},"9":{"name":"(anonymous_9)","decl":{"start":{"line":169,"column":8},"end":{"line":169,"column":23}},"loc":{"start":{"line":169,"column":60},"end":{"line":171,"column":null}},"line":169},"10":{"name":"(anonymous_10)","decl":{"start":{"line":173,"column":8},"end":{"line":173,"column":22}},"loc":{"start":{"line":173,"column":68},"end":{"line":178,"column":null}},"line":173},"11":{"name":"(anonymous_11)","decl":{"start":{"line":180,"column":8},"end":{"line":180,"column":null}},"loc":{"start":{"line":183,"column":22},"end":{"line":188,"column":null}},"line":183},"12":{"name":"(anonymous_12)","decl":{"start":{"line":190,"column":8},"end":{"line":190,"column":22}},"loc":{"start":{"line":190,"column":56},"end":{"line":194,"column":null}},"line":190},"13":{"name":"(anonymous_13)","decl":{"start":{"line":198,"column":8},"end":{"line":198,"column":18}},"loc":{"start":{"line":198,"column":81},"end":{"line":201,"column":null}},"line":198},"14":{"name":"(anonymous_14)","decl":{"start":{"line":203,"column":8},"end":{"line":203,"column":21}},"loc":{"start":{"line":203,"column":54},"end":{"line":205,"column":null}},"line":203},"15":{"name":"(anonymous_15)","decl":{"start":{"line":207,"column":8},"end":{"line":207,"column":20}},"loc":{"start":{"line":207,"column":62},"end":{"line":212,"column":null}},"line":207},"16":{"name":"(anonymous_16)","decl":{"start":{"line":214,"column":8},"end":{"line":214,"column":20}},"loc":{"start":{"line":214,"column":79},"end":{"line":219,"column":null}},"line":214},"17":{"name":"(anonymous_17)","decl":{"start":{"line":221,"column":8},"end":{"line":221,"column":20}},"loc":{"start":{"line":221,"column":52},"end":{"line":225,"column":null}},"line":221},"18":{"name":"(anonymous_18)","decl":{"start":{"line":229,"column":8},"end":{"line":229,"column":null}},"loc":{"start":{"line":231,"column":45},"end":{"line":236,"column":null}},"line":231},"19":{"name":"(anonymous_19)","decl":{"start":{"line":238,"column":8},"end":{"line":238,"column":27}},"loc":{"start":{"line":238,"column":61},"end":{"line":240,"column":null}},"line":238},"20":{"name":"(anonymous_20)","decl":{"start":{"line":242,"column":8},"end":{"line":242,"column":26}},"loc":{"start":{"line":242,"column":80},"end":{"line":247,"column":null}},"line":242},"21":{"name":"(anonymous_21)","decl":{"start":{"line":251,"column":8},"end":{"line":251,"column":null}},"loc":{"start":{"line":253,"column":52},"end":{"line":258,"column":null}},"line":253},"22":{"name":"(anonymous_22)","decl":{"start":{"line":260,"column":8},"end":{"line":260,"column":34}},"loc":{"start":{"line":260,"column":75},"end":{"line":262,"column":null}},"line":260},"23":{"name":"(anonymous_23)","decl":{"start":{"line":264,"column":8},"end":{"line":264,"column":null}},"loc":{"start":{"line":266,"column":33},"end":{"line":271,"column":null}},"line":266},"24":{"name":"(anonymous_24)","decl":{"start":{"line":273,"column":8},"end":{"line":273,"column":null}},"loc":{"start":{"line":276,"column":33},"end":{"line":281,"column":null}},"line":276},"25":{"name":"(anonymous_25)","decl":{"start":{"line":283,"column":8},"end":{"line":283,"column":33}},"loc":{"start":{"line":283,"column":60},"end":{"line":287,"column":null}},"line":283},"26":{"name":"initializeAPIClient","decl":{"start":{"line":296,"column":16},"end":{"line":296,"column":36}},"loc":{"start":{"line":296,"column":61},"end":{"line":298,"column":null}},"line":296},"27":{"name":"getAPIClient","decl":{"start":{"line":300,"column":16},"end":{"line":300,"column":42}},"loc":{"start":{"line":300,"column":42},"end":{"line":305,"column":null}},"line":300},"28":{"name":"isAPIClientInitialized","decl":{"start":{"line":307,"column":16},"end":{"line":307,"column":50}},"loc":{"start":{"line":307,"column":50},"end":{"line":309,"column":null}},"line":307}},"branchMap":{"0":{"loc":{"start":{"line":58,"column":4},"end":{"line":58,"column":null}},"type":"default-arg","locations":[{"start":{"line":58,"column":27},"end":{"line":58,"column":null}}],"line":58},"1":{"loc":{"start":{"line":78,"column":6},"end":{"line":93,"column":null}},"type":"if","locations":[{"start":{"line":78,"column":6},"end":{"line":93,"column":null}},{"start":{},"end":{}}],"line":78},"2":{"loc":{"start":{"line":79,"column":8},"end":{"line":92,"column":null}},"type":"if","locations":[{"start":{"line":79,"column":8},"end":{"line":92,"column":null}},{"start":{"line":86,"column":15},"end":{"line":92,"column":null}}],"line":79},"3":{"loc":{"start":{"line":82,"column":12},"end":{"line":82,"column":null}},"type":"binary-expr","locations":[{"start":{"line":82,"column":12},"end":{"line":82,"column":32}},{"start":{"line":82,"column":32},"end":{"line":82,"column":null}}],"line":82},"4":{"loc":{"start":{"line":89,"column":12},"end":{"line":89,"column":null}},"type":"binary-expr","locations":[{"start":{"line":89,"column":12},"end":{"line":89,"column":25}},{"start":{"line":89,"column":25},"end":{"line":89,"column":null}}],"line":89},"5":{"loc":{"start":{"line":96,"column":6},"end":{"line":98,"column":null}},"type":"if","locations":[{"start":{"line":96,"column":6},"end":{"line":98,"column":null}},{"start":{},"end":{}}],"line":96},"6":{"loc":{"start":{"line":100,"column":6},"end":{"line":102,"column":null}},"type":"if","locations":[{"start":{"line":100,"column":6},"end":{"line":102,"column":null}},{"start":{},"end":{}}],"line":100},"7":{"loc":{"start":{"line":106,"column":6},"end":{"line":108,"column":null}},"type":"if","locations":[{"start":{"line":106,"column":6},"end":{"line":108,"column":null}},{"start":{},"end":{}}],"line":106},"8":{"loc":{"start":{"line":111,"column":6},"end":{"line":113,"column":null}},"type":"if","locations":[{"start":{"line":111,"column":6},"end":{"line":113,"column":null}},{"start":{},"end":{}}],"line":111},"9":{"loc":{"start":{"line":126,"column":6},"end":{"line":128,"column":null}},"type":"if","locations":[{"start":{"line":126,"column":6},"end":{"line":128,"column":null}},{"start":{},"end":{}}],"line":126},"10":{"loc":{"start":{"line":126,"column":10},"end":{"line":126,"column":65}},"type":"binary-expr","locations":[{"start":{"line":126,"column":10},"end":{"line":126,"column":33}},{"start":{"line":126,"column":33},"end":{"line":126,"column":51}},{"start":{"line":126,"column":51},"end":{"line":126,"column":65}}],"line":126},"11":{"loc":{"start":{"line":132,"column":11},"end":{"line":132,"column":null}},"type":"cond-expr","locations":[{"start":{"line":132,"column":25},"end":{"line":132,"column":45}},{"start":{"line":132,"column":45},"end":{"line":132,"column":null}}],"line":132},"12":{"loc":{"start":{"line":138,"column":4},"end":{"line":138,"column":null}},"type":"default-arg","locations":[{"start":{"line":138,"column":35},"end":{"line":138,"column":null}}],"line":138},"13":{"loc":{"start":{"line":163,"column":4},"end":{"line":163,"column":null}},"type":"default-arg","locations":[{"start":{"line":163,"column":30},"end":{"line":163,"column":null}}],"line":163},"14":{"loc":{"start":{"line":198,"column":18},"end":{"line":198,"column":81}},"type":"default-arg","locations":[{"start":{"line":198,"column":42},"end":{"line":198,"column":81}}],"line":198},"15":{"loc":{"start":{"line":230,"column":4},"end":{"line":230,"column":null}},"type":"default-arg","locations":[{"start":{"line":230,"column":34},"end":{"line":230,"column":null}}],"line":230},"16":{"loc":{"start":{"line":252,"column":4},"end":{"line":252,"column":null}},"type":"default-arg","locations":[{"start":{"line":252,"column":41},"end":{"line":252,"column":null}}],"line":252},"17":{"loc":{"start":{"line":301,"column":2},"end":{"line":303,"column":null}},"type":"if","locations":[{"start":{"line":301,"column":2},"end":{"line":303,"column":null}},{"start":{},"end":{}}],"line":301}},"s":{"0":4,"1":4,"2":4,"3":4,"4":11,"5":11,"6":10,"7":10,"8":10,"9":10,"10":9,"11":9,"12":10,"13":3,"14":2,"15":2,"16":1,"17":1,"18":6,"19":2,"20":4,"21":0,"22":4,"23":4,"24":3,"25":1,"26":1,"27":0,"28":6,"29":6,"30":3,"31":3,"32":6,"33":6,"34":5,"35":5,"36":0,"37":1,"38":1,"39":1,"40":0,"41":1,"42":0,"43":2,"44":0,"45":0,"46":0,"47":0,"48":0,"49":0,"50":0,"51":0,"52":0,"53":0,"54":0,"55":0,"56":0,"57":0,"58":0,"59":0,"60":2,"61":0,"62":0,"63":0,"64":0,"65":0},"f":{"0":4,"1":11,"2":10,"3":6,"4":3,"5":5,"6":0,"7":1,"8":1,"9":0,"10":1,"11":0,"12":2,"13":0,"14":0,"15":0,"16":0,"17":0,"18":0,"19":0,"20":0,"21":0,"22":0,"23":0,"24":0,"25":0,"26":0,"27":0,"28":0},"b":{"0":[10],"1":[3,7],"2":[2,1],"3":[2,0],"4":[1,0],"5":[2,4],"6":[0,4],"7":[3,1],"8":[1,0],"9":[3,0],"10":[3,3,3],"11":[2,4],"12":[5],"13":[1],"14":[0],"15":[0],"16":[0],"17":[0,0]},"meta":{"lastBranch":18,"lastFunction":29,"lastStatement":66,"seen":{"f:32:2:32:14":0,"s:33:4:33:Infinity":0,"s:34:4:34:Infinity":1,"s:35:4:35:Infinity":2,"s:36:4:36:Infinity":3,"f:48:2:48:14":1,"s:49:4:49:Infinity":4,"s:50:4:50:Infinity":5,"f:56:16:56:Infinity":2,"b:58:27:58:Infinity":0,"s:60:16:60:Infinity":6,"s:62:33:66:Infinity":7,"s:68:4:116:Infinity":8,"s:69:23:72:Infinity":9,"s:75:26:75:Infinity":10,"s:76:21:76:Infinity":11,"b:78:6:93:Infinity:undefined:undefined:undefined:undefined":1,"s:78:6:93:Infinity":12,"b:79:8:92:Infinity:86:15:92:Infinity":2,"s:79:8:92:Infinity":13,"s:80:29:80:Infinity":14,"s:81:10:85:Infinity":15,"b:82:12:82:32:82:32:82:Infinity":3,"s:87:28:87:Infinity":16,"s:88:10:91:Infinity":17,"b:89:12:89:25:89:25:89:Infinity":4,"b:96:6:98:Infinity:undefined:undefined:undefined:undefined":5,"s:96:6:98:Infinity":18,"s:97:8:97:Infinity":19,"b:100:6:102:Infinity:undefined:undefined:undefined:undefined":6,"s:100:6:102:Infinity":20,"s:101:8:101:Infinity":21,"s:104:6:104:Infinity":22,"b:106:6:108:Infinity:undefined:undefined:undefined:undefined":7,"s:106:6:108:Infinity":23,"s:107:8:107:Infinity":24,"b:111:6:113:Infinity:undefined:undefined:undefined:undefined":8,"s:111:6:113:Infinity":25,"s:112:8:112:Infinity":26,"s:115:6:115:Infinity":27,"f:122:10:122:27":3,"s:123:25:123:Infinity":28,"s:125:4:129:Infinity":29,"f:125:35:125:36":4,"b:126:6:128:Infinity:undefined:undefined:undefined:undefined":9,"s:126:6:128:Infinity":30,"b:126:10:126:33:126:33:126:51:126:51:126:65":10,"s:127:8:127:Infinity":31,"s:131:24:131:Infinity":32,"s:132:4:132:Infinity":33,"b:132:25:132:45:132:45:132:Infinity":11,"f:137:8:137:Infinity":5,"b:138:35:138:Infinity":12,"s:140:18:140:Infinity":34,"s:141:4:143:Infinity":35,"f:146:8:146:28":6,"s:147:4:147:Infinity":36,"f:150:8:150:Infinity":7,"s:154:4:157:Infinity":37,"f:162:8:162:Infinity":8,"b:163:30:163:Infinity":13,"s:165:18:165:Infinity":38,"s:166:4:166:Infinity":39,"f:169:8:169:23":9,"s:170:4:170:Infinity":40,"f:173:8:173:22":10,"s:174:4:177:Infinity":41,"f:180:8:180:Infinity":11,"s:184:4:187:Infinity":42,"f:190:8:190:22":12,"s:191:4:193:Infinity":43,"f:198:8:198:18":13,"b:198:42:198:81":14,"s:199:18:199:Infinity":44,"s:200:4:200:Infinity":45,"f:203:8:203:21":14,"s:204:4:204:Infinity":46,"f:207:8:207:20":15,"s:208:4:211:Infinity":47,"f:214:8:214:20":16,"s:215:4:218:Infinity":48,"f:221:8:221:20":17,"s:222:4:224:Infinity":49,"f:229:8:229:Infinity":18,"b:230:34:230:Infinity":15,"s:232:18:232:Infinity":50,"s:233:4:235:Infinity":51,"f:238:8:238:27":19,"s:239:4:239:Infinity":52,"f:242:8:242:26":20,"s:243:4:246:Infinity":53,"f:251:8:251:Infinity":21,"b:252:41:252:Infinity":16,"s:254:18:254:Infinity":54,"s:255:4:257:Infinity":55,"f:260:8:260:34":22,"s:261:4:261:Infinity":56,"f:264:8:264:Infinity":23,"s:267:4:270:Infinity":57,"f:273:8:273:Infinity":24,"s:277:4:280:Infinity":58,"f:283:8:283:33":25,"s:284:4:286:Infinity":59,"s:294:42:294:Infinity":60,"f:296:16:296:36":26,"s:297:2:297:Infinity":61,"f:300:16:300:42":27,"b:301:2:303:Infinity:undefined:undefined:undefined:undefined":17,"s:301:2:303:Infinity":62,"s:302:4:302:Infinity":63,"s:304:2:304:Infinity":64,"f:307:16:307:50":28,"s:308:2:308:Infinity":65}}}
,"/home/justin/workspace/github.com/ad-tracker/youtube-webhook-admin-ui/src/lib/storage.ts": {"path":"/home/justin/workspace/github.com/ad-tracker/youtube-webhook-admin-ui/src/lib/storage.ts","statementMap":{"0":{"start":{"line":6,"column":21},"end":{"line":9,"column":null}},"1":{"start":{"line":17,"column":2},"end":{"line":17,"column":null}},"2":{"start":{"line":21,"column":2},"end":{"line":25,"column":null}},"3":{"start":{"line":22,"column":4},"end":{"line":22,"column":null}},"4":{"start":{"line":24,"column":4},"end":{"line":24,"column":null}},"5":{"start":{"line":32,"column":2},"end":{"line":38,"column":null}},"6":{"start":{"line":33,"column":4},"end":{"line":33,"column":null}},"7":{"start":{"line":34,"column":4},"end":{"line":34,"column":null}},"8":{"start":{"line":36,"column":4},"end":{"line":36,"column":null}},"9":{"start":{"line":37,"column":4},"end":{"line":37,"column":null}},"10":{"start":{"line":45,"column":2},"end":{"line":60,"column":null}},"11":{"start":{"line":46,"column":20},"end":{"line":46,"column":null}},"12":{"start":{"line":47,"column":19},"end":{"line":47,"column":null}},"13":{"start":{"line":49,"column":4},"end":{"line":51,"column":null}},"14":{"start":{"line":50,"column":6},"end":{"line":50,"column":null}},"15":{"start":{"line":53,"column":4},"end":{"line":56,"column":null}},"16":{"start":{"line":58,"column":4},"end":{"line":58,"column":null}},"17":{"start":{"line":59,"column":4},"end":{"line":59,"column":null}},"18":{"start":{"line":67,"column":2},"end":{"line":72,"column":null}},"19":{"start":{"line":68,"column":4},"end":{"line":68,"column":null}},"20":{"start":{"line":69,"column":4},"end":{"line":69,"column":null}},"21":{"start":{"line":71,"column":4},"end":{"line":71,"column":null}},"22":{"start":{"line":79,"column":2},"end":{"line":86,"column":null}},"23":{"start":{"line":80,"column":4},"end":{"line":82,"column":null}},"24":{"start":{"line":85,"column":4},"end":{"line":85,"column":null}}},"fnMap":{"0":{"name":"encode","decl":{"start":{"line":16,"column":9},"end":{"line":16,"column":16}},"loc":{"start":{"line":16,"column":39},"end":{"line":18,"column":null}},"line":16},"1":{"name":"decode","decl":{"start":{"line":20,"column":9},"end":{"line":20,"column":16}},"loc":{"start":{"line":20,"column":39},"end":{"line":26,"column":null}},"line":20},"2":{"name":"saveAPIConfig","decl":{"start":{"line":31,"column":16},"end":{"line":31,"column":30}},"loc":{"start":{"line":31,"column":55},"end":{"line":39,"column":null}},"line":31},"3":{"name":"loadAPIConfig","decl":{"start":{"line":44,"column":16},"end":{"line":44,"column":50}},"loc":{"start":{"line":44,"column":50},"end":{"line":61,"column":null}},"line":44},"4":{"name":"clearAPIConfig","decl":{"start":{"line":66,"column":16},"end":{"line":66,"column":39}},"loc":{"start":{"line":66,"column":39},"end":{"line":73,"column":null}},"line":66},"5":{"name":"hasAPIConfig","decl":{"start":{"line":78,"column":16},"end":{"line":78,"column":40}},"loc":{"start":{"line":78,"column":40},"end":{"line":87,"column":null}},"line":78}},"branchMap":{"0":{"loc":{"start":{"line":49,"column":4},"end":{"line":51,"column":null}},"type":"if","locations":[{"start":{"line":49,"column":4},"end":{"line":51,"column":null}},{"start":{},"end":{}}],"line":49},"1":{"loc":{"start":{"line":49,"column":8},"end":{"line":49,"column":29}},"type":"binary-expr","locations":[{"start":{"line":49,"column":8},"end":{"line":49,"column":20}},{"start":{"line":49,"column":20},"end":{"line":49,"column":29}}],"line":49},"2":{"loc":{"start":{"line":81,"column":6},"end":{"line":82,"column":null}},"type":"binary-expr","locations":[{"start":{"line":81,"column":6},"end":{"line":81,"column":null}},{"start":{"line":82,"column":6},"end":{"line":82,"column":null}}],"line":81}},"s":{"0":1,"1":0,"2":0,"3":0,"4":0,"5":0,"6":0,"7":0,"8":0,"9":0,"10":0,"11":0,"12":0,"13":0,"14":0,"15":0,"16":0,"17":0,"18":0,"19":0,"20":0,"21":0,"22":0,"23":0,"24":0},"f":{"0":0,"1":0,"2":0,"3":0,"4":0,"5":0},"b":{"0":[0,0],"1":[0,0],"2":[0,0]},"meta":{"lastBranch":3,"lastFunction":6,"lastStatement":25,"seen":{"s:6:21:9:Infinity":0,"f:16:9:16:16":0,"s:17:2:17:Infinity":1,"f:20:9:20:16":1,"s:21:2:25:Infinity":2,"s:22:4:22:Infinity":3,"s:24:4:24:Infinity":4,"f:31:16:31:30":2,"s:32:2:38:Infinity":5,"s:33:4:33:Infinity":6,"s:34:4:34:Infinity":7,"s:36:4:36:Infinity":8,"s:37:4:37:Infinity":9,"f:44:16:44:50":3,"s:45:2:60:Infinity":10,"s:46:20:46:Infinity":11,"s:47:19:47:Infinity":12,"b:49:4:51:Infinity:undefined:undefined:undefined:undefined":0,"s:49:4:51:Infinity":13,"b:49:8:49:20:49:20:49:29":1,"s:50:6:50:Infinity":14,"s:53:4:56:Infinity":15,"s:58:4:58:Infinity":16,"s:59:4:59:Infinity":17,"f:66:16:66:39":4,"s:67:2:72:Infinity":18,"s:68:4:68:Infinity":19,"s:69:4:69:Infinity":20,"s:71:4:71:Infinity":21,"f:78:16:78:40":5,"s:79:2:86:Infinity":22,"s:80:4:82:Infinity":23,"b:81:6:81:Infinity:82:6:82:Infinity":2,"s:85:4:85:Infinity":24}}}
,"/home/justin/workspace/github.com/ad-tracker/youtube-webhook-admin-ui/src/lib/utils.ts": {"path":"/home/justin/workspace/github.com/ad-tracker/youtube-webhook-admin-ui/src/lib/utils.ts","statementMap":{"0":{"start":{"line":8,"column":2},"end":{"line":8,"column":null}},"1":{"start":{"line":15,"column":2},"end":{"line":15,"column":null}},"2":{"start":{"line":15,"column":19},"end":{"line":15,"column":null}},"3":{"start":{"line":17,"column":15},"end":{"line":17,"column":null}},"4":{"start":{"line":18,"column":2},"end":{"line":18,"column":null}},"5":{"start":{"line":18,"column":29},"end":{"line":18,"column":null}},"6":{"start":{"line":20,"column":2},"end":{"line":26,"column":null}},"7":{"start":{"line":33,"column":2},"end":{"line":33,"column":null}},"8":{"start":{"line":33,"column":13},"end":{"line":33,"column":null}},"9":{"start":{"line":34,"column":2},"end":{"line":34,"column":null}},"10":{"start":{"line":41,"column":2},"end":{"line":41,"column":null}},"11":{"start":{"line":41,"column":12},"end":{"line":41,"column":null}},"12":{"start":{"line":42,"column":2},"end":{"line":42,"column":null}},"13":{"start":{"line":42,"column":28},"end":{"line":42,"column":null}},"14":{"start":{"line":43,"column":2},"end":{"line":43,"column":null}},"15":{"start":{"line":50,"column":2},"end":{"line":50,"column":null}},"16":{"start":{"line":50,"column":13},"end":{"line":50,"column":null}},"17":{"start":{"line":52,"column":2},"end":{"line":56,"column":null}},"18":{"start":{"line":53,"column":4},"end":{"line":53,"column":null}},"19":{"start":{"line":55,"column":4},"end":{"line":55,"column":null}}},"fnMap":{"0":{"name":"cn","decl":{"start":{"line":7,"column":16},"end":{"line":7,"column":22}},"loc":{"start":{"line":7,"column":44},"end":{"line":9,"column":null}},"line":7},"1":{"name":"formatDate","decl":{"start":{"line":14,"column":16},"end":{"line":14,"column":27}},"loc":{"start":{"line":14,"column":74},"end":{"line":27,"column":null}},"line":14},"2":{"name":"formatDateForAPI","decl":{"start":{"line":32,"column":16},"end":{"line":32,"column":33}},"loc":{"start":{"line":32,"column":84},"end":{"line":35,"column":null}},"line":32},"3":{"name":"truncate","decl":{"start":{"line":40,"column":16},"end":{"line":40,"column":25}},"loc":{"start":{"line":40,"column":81},"end":{"line":44,"column":null}},"line":40},"4":{"name":"safeJsonParse","decl":{"start":{"line":49,"column":16},"end":{"line":49,"column":33}},"loc":{"start":{"line":49,"column":82},"end":{"line":57,"column":null}},"line":49}},"branchMap":{"0":{"loc":{"start":{"line":15,"column":2},"end":{"line":15,"column":null}},"type":"if","locations":[{"start":{"line":15,"column":2},"end":{"line":15,"column":null}},{"start":{},"end":{}}],"line":15},"1":{"loc":{"start":{"line":18,"column":2},"end":{"line":18,"column":null}},"type":"if","locations":[{"start":{"line":18,"column":2},"end":{"line":18,"column":null}},{"start":{},"end":{}}],"line":18},"2":{"loc":{"start":{"line":33,"column":2},"end":{"line":33,"column":null}},"type":"if","locations":[{"start":{"line":33,"column":2},"end":{"line":33,"column":null}},{"start":{},"end":{}}],"line":33},"3":{"loc":{"start":{"line":41,"column":2},"end":{"line":41,"column":null}},"type":"if","locations":[{"start":{"line":41,"column":2},"end":{"line":41,"column":null}},{"start":{},"end":{}}],"line":41},"4":{"loc":{"start":{"line":42,"column":2},"end":{"line":42,"column":null}},"type":"if","locations":[{"start":{"line":42,"column":2},"end":{"line":42,"column":null}},{"start":{},"end":{}}],"line":42},"5":{"loc":{"start":{"line":50,"column":2},"end":{"line":50,"column":null}},"type":"if","locations":[{"start":{"line":50,"column":2},"end":{"line":50,"column":null}},{"start":{},"end":{}}],"line":50}},"s":{"0":255,"1":4,"2":2,"3":2,"4":2,"5":2,"6":1,"7":0,"8":0,"9":0,"10":5,"11":2,"12":3,"13":2,"14":1,"15":5,"16":2,"17":3,"18":3,"19":1},"f":{"0":255,"1":4,"2":0,"3":5,"4":5},"b":{"0":[2,2],"1":[1,1],"2":[0,0],"3":[2,3],"4":[2,1],"5":[2,3]},"meta":{"lastBranch":6,"lastFunction":5,"lastStatement":20,"seen":{"f:7:16:7:22":0,"s:8:2:8:Infinity":0,"f:14:16:14:27":1,"b:15:2:15:Infinity:undefined:undefined:undefined:undefined":0,"s:15:2:15:Infinity":1,"s:15:19:15:Infinity":2,"s:17:15:17:Infinity":3,"b:18:2:18:Infinity:undefined:undefined:undefined:undefined":1,"s:18:2:18:Infinity":4,"s:18:29:18:Infinity":5,"s:20:2:26:Infinity":6,"f:32:16:32:33":2,"b:33:2:33:Infinity:undefined:undefined:undefined:undefined":2,"s:33:2:33:Infinity":7,"s:33:13:33:Infinity":8,"s:34:2:34:Infinity":9,"f:40:16:40:25":3,"b:41:2:41:Infinity:undefined:undefined:undefined:undefined":3,"s:41:2:41:Infinity":10,"s:41:12:41:Infinity":11,"b:42:2:42:Infinity:undefined:undefined:undefined:undefined":4,"s:42:2:42:Infinity":12,"s:42:28:42:Infinity":13,"s:43:2:43:Infinity":14,"f:49:16:49:33":4,"b:50:2:50:Infinity:undefined:undefined:undefined:undefined":5,"s:50:2:50:Infinity":15,"s:50:13:50:Infinity":16,"s:52:2:56:Infinity":17,"s:53:4:53:Infinity":18,"s:55:4:55:Infinity":19}}}
}
